<?xml version="1.0" encoding="UTF-8" ?>
<testsuite tests="4" failures="3" name="petfeeder.ExampleTest" time="0.006" errors="0" skipped="0">
  <properties>
    <property name="java.runtime.name" value="OpenJDK Runtime Environment"/>
    <property name="java.vm.version" value="23.0.2+7-58"/>
    <property name="sun.boot.library.path" value="/Users/zacksabirsh/Library/Java/JavaVirtualMachines/openjdk-23.0.2/Contents/Home/lib"/>
    <property name="maven.multiModuleProjectDirectory" value="/Users/zacksabirsh/Desktop/SQT/LAB2/dit636_examples/as2-petfeeder"/>
    <property name="java.vm.vendor" value="Oracle Corporation"/>
    <property name="java.vendor.url" value="https://java.oracle.com/"/>
    <property name="guice.disable.misplaced.annotation.check" value="true"/>
    <property name="path.separator" value=":"/>
    <property name="java.vm.name" value="OpenJDK 64-Bit Server VM"/>
    <property name="user.country" value="SE"/>
    <property name="sun.java.launcher" value="SUN_STANDARD"/>
    <property name="java.vm.specification.name" value="Java Virtual Machine Specification"/>
    <property name="user.dir" value="/Users/zacksabirsh/Desktop/SQT/LAB2/dit636_examples/as2-petfeeder"/>
    <property name="java.vm.compressedOopsMode" value="Zero based"/>
    <property name="java.runtime.version" value="23.0.2+7-58"/>
    <property name="os.arch" value="aarch64"/>
    <property name="java.io.tmpdir" value="/var/folders/wn/4d0fnhxx1qv9k_k989pg4hnr0000gn/T/"/>
    <property name="line.separator" value="
"/>
    <property name="java.vm.specification.vendor" value="Oracle Corporation"/>
    <property name="stderr.encoding" value="UTF-8"/>
    <property name="os.name" value="Mac OS X"/>
    <property name="classworlds.conf" value="/usr/local/apache-maven/bin/m2.conf"/>
    <property name="sun.jnu.encoding" value="UTF-8"/>
    <property name="stdout.encoding" value="UTF-8"/>
    <property name="java.library.path" value="/Users/zacksabirsh/Library/Java/Extensions:/Library/Java/Extensions:/Network/Library/Java/Extensions:/System/Library/Java/Extensions:/usr/lib/java:."/>
    <property name="maven.conf" value="/usr/local/apache-maven/conf"/>
    <property name="jdk.debug" value="release"/>
    <property name="java.class.version" value="67.0"/>
    <property name="java.specification.name" value="Java Platform API Specification"/>
    <property name="sun.management.compiler" value="HotSpot 64-Bit Tiered Compilers"/>
    <property name="os.version" value="15.7.3"/>
    <property name="library.jansi.path" value="/usr/local/apache-maven/lib/jansi-native"/>
    <property name="http.nonProxyHosts" value="local|*.local|169.254/16|*.169.254/16"/>
    <property name="user.home" value="/Users/zacksabirsh"/>
    <property name="user.timezone" value="Europe/Stockholm"/>
    <property name="file.encoding" value="UTF-8"/>
    <property name="java.specification.version" value="23"/>
    <property name="user.name" value="zacksabirsh"/>
    <property name="java.class.path" value="/usr/local/apache-maven/boot/plexus-classworlds-2.6.0.jar"/>
    <property name="java.vm.specification.version" value="23"/>
    <property name="sun.arch.data.model" value="64"/>
    <property name="sun.java.command" value="org.codehaus.plexus.classworlds.launcher.Launcher test"/>
    <property name="java.home" value="/Users/zacksabirsh/Library/Java/JavaVirtualMachines/openjdk-23.0.2/Contents/Home"/>
    <property name="apple.awt.application.name" value="Launcher"/>
    <property name="user.language" value="en"/>
    <property name="java.specification.vendor" value="Oracle Corporation"/>
    <property name="java.vm.info" value="mixed mode, sharing"/>
    <property name="java.version" value="23.0.2"/>
    <property name="native.encoding" value="UTF-8"/>
    <property name="java.vendor" value="Oracle Corporation"/>
    <property name="maven.home" value="/usr/local/apache-maven"/>
    <property name="file.separator" value="/"/>
    <property name="java.version.date" value="2025-01-21"/>
    <property name="java.vendor.url.bug" value="https://bugreport.java.com/bugreport/"/>
    <property name="sun.io.unicode.encoding" value="UnicodeBig"/>
    <property name="sun.cpu.endian" value="little"/>
    <property name="socksNonProxyHosts" value="local|*.local|169.254/16|*.169.254/16"/>
    <property name="ftp.nonProxyHosts" value="local|*.local|169.254/16|*.169.254/16"/>
  </properties>
  <testcase classname="petfeeder.ExampleTest" name="petfeeder.ExampleTest.testReplenishFood_Normal" time="0.003">
    <failure message="Cannot invoke &quot;petfeeder.PetFeeder.replenishFood(String, String, String, String)&quot; because &quot;this.pf&quot; is null" type="java.lang.NullPointerException">java.lang.NullPointerException: Cannot invoke &quot;petfeeder.PetFeeder.replenishFood(String, String, String, String)&quot; because &quot;this.pf&quot; is null
	at petfeeder.ExampleTest.testReplenishFood_Normal(ExampleTest.java:45)
</failure>
  </testcase>
  <testcase classname="petfeeder.ExampleTest" name="petfeeder.ExampleTest.testReplenishFoodException" time="0.003">
    <failure message="Unexpected exception type thrown, expected: &lt;petfeeder.exceptions.FoodStockException&gt; but was: &lt;java.lang.NullPointerException&gt;" type="org.opentest4j.AssertionFailedError">org.opentest4j.AssertionFailedError: Unexpected exception type thrown, expected: &lt;petfeeder.exceptions.FoodStockException&gt; but was: &lt;java.lang.NullPointerException&gt;
	at org.junit.jupiter.api.AssertionFailureBuilder.build(AssertionFailureBuilder.java:151)
	at org.junit.jupiter.api.AssertThrows.assertThrows(AssertThrows.java:67)
	at org.junit.jupiter.api.AssertThrows.assertThrows(AssertThrows.java:35)
	at org.junit.jupiter.api.Assertions.assertThrows(Assertions.java:3111)
	at petfeeder.ExampleTest.testReplenishFoodException(ExampleTest.java:61)
Caused by: java.lang.NullPointerException: Cannot invoke &quot;petfeeder.PetFeeder.replenishFood(String, String, String, String)&quot; because &quot;this.pf&quot; is null
	at petfeeder.ExampleTest.lambda$testReplenishFoodException$0(ExampleTest.java:63)
	at org.junit.jupiter.api.AssertThrows.assertThrows(AssertThrows.java:53)
	... 17 more
</failure>
  </testcase>
  <testcase classname="petfeeder.ExampleTest" name="petfeeder.ExampleTest.testMealPlanEnergyCostCalculation" time="0"/>
  <testcase classname="petfeeder.ExampleTest" name="petfeeder.ExampleTest.testScheduledFeeding_ChangesStock" time="0">
    <failure message="Cannot invoke &quot;petfeeder.PetFeeder.addMealPlan(petfeeder.MealPlan)&quot; because &quot;this.pf&quot; is null" type="java.lang.NullPointerException">java.lang.NullPointerException: Cannot invoke &quot;petfeeder.PetFeeder.addMealPlan(petfeeder.MealPlan)&quot; because &quot;this.pf&quot; is null
	at petfeeder.ExampleTest.testScheduledFeeding_ChangesStock(ExampleTest.java:83)
</failure>
  </testcase>
</testsuite>