<?xml version="1.0" encoding="UTF-8" ?>
<testsuite tests="4" failures="3" name="petfeeder.ExampleTest" time="0.006" errors="0" skipped="0">
  <properties>
[...]
</properties>
  <testcase classname="petfeeder.ExampleTest" name="petfeeder.ExampleTest.testReplenishFood_Normal" time="0.003">
    <failure message="Cannot invoke &quot;petfeeder.PetFeeder.replenishFood(String, String, String, String)&quot; because &quot;this.pf&quot; is null" type="java.lang.NullPointerException">java.lang.NullPointerException: Cannot invoke &quot;petfeeder.PetFeeder.replenishFood(String, String, String, String)&quot; because &quot;this.pf&quot; is null
	at petfeeder.ExampleTest.testReplenishFood_Normal(ExampleTest.java:45)
</failure>
  </testcase>
  <testcase classname="petfeeder.ExampleTest" name="petfeeder.ExampleTest.testReplenishFoodException" time="0.003">
    <failure message="Unexpected exception type thrown, expected: &lt;petfeeder.exceptions.FoodStockException&gt; but was: &lt;java.lang.NullPointerException&gt;" type="org.opentest4j.AssertionFailedError">org.opentest4j.AssertionFailedError: Unexpected exception type thrown, expected: &lt;petfeeder.exceptions.FoodStockException&gt; but was: &lt;java.lang.NullPointerException&gt;
	at org.junit.jupiter.api.AssertionFailureBuilder.build(AssertionFailureBuilder.java:151)
	at org.junit.jupiter.api.AssertThrows.assertThrows(AssertThrows.java:67)
	at org.junit.jupiter.api.AssertThrows.assertThrows(AssertThrows.java:35)
	at org.junit.jupiter.api.Assertions.assertThrows(Assertions.java:3111)
	at petfeeder.ExampleTest.testReplenishFoodException(ExampleTest.java:61)
Caused by: java.lang.NullPointerException: Cannot invoke &quot;petfeeder.PetFeeder.replenishFood(String, String, String, String)&quot; because &quot;this.pf&quot; is null
	at petfeeder.ExampleTest.lambda$testReplenishFoodException$0(ExampleTest.java:63)
	at org.junit.jupiter.api.AssertThrows.assertThrows(AssertThrows.java:53)
	... 17 more
</failure>
  </testcase>
  <testcase classname="petfeeder.ExampleTest" name="petfeeder.ExampleTest.testMealPlanEnergyCostCalculation" time="0"/>
  <testcase classname="petfeeder.ExampleTest" name="petfeeder.ExampleTest.testScheduledFeeding_ChangesStock" time="0">
    <failure message="Cannot invoke &quot;petfeeder.PetFeeder.addMealPlan(petfeeder.MealPlan)&quot; because &quot;this.pf&quot; is null" type="java.lang.NullPointerException">java.lang.NullPointerException: Cannot invoke &quot;petfeeder.PetFeeder.addMealPlan(petfeeder.MealPlan)&quot; because &quot;this.pf&quot; is null
	at petfeeder.ExampleTest.testScheduledFeeding_ChangesStock(ExampleTest.java:83)
</failure>
  </testcase>
</testsuite>